MPASM  5.51                     TUTORIAL0.ASM   7-2-2021  23:06:08         PAGE  1


LOC  OBJECT CODE     LINE SOURCE TEXT
  VALUE

Warning[205]: Found directive in column 1. (LIST)
                      00001 LIST    p=16F876A               ;tell assembler what chip we are using
                      00002         include <P16F628.inc>           ;include the defaults for the chip
                      00001         LIST
                      00002 
                      00003 ;==========================================================================
                      00004 ;  MPASM PIC16F628 processor include
                      00005 ; 
                      00006 ;  (c) Copyright 1999-2013 Microchip Technology, All rights reserved
                      00007 ;==========================================================================
                      00008 
Message[301]: MESSAGE: (Processor-header file mismatch.  Verify selected processor.)
                      00381         LIST
2007   3D18           00003         __config 0x3D18                 ;sets the configuration settings 
                      00004                                         ;(oscillator type etc.)
Warning[205]: Found directive in column 1. (cblock)
                      00005 cblock  0x20                    ;start of general purpose registers
  00000020            00006                 count1                  ;used in delay routine
  00000021            00007                 counta                  ;used in delay routine 
  00000022            00008                 countb                  ;used in delay routine
  00000023            00009                 T0
  00000024            00010                 T1
                      00011         endc
                      00012         
0000                  00013         org     0x0000                  ;org sets the origin, 0x0000 for the 16F628,
                      00014                                         ;this is where the program starts running       
0000   3007           00015         movlw   0x07
0001   009F           00016         movwf   CMCON                   ;turn comparators off (make it like a 16F84)
                      00017 
0002   1683           00018         bsf     STATUS,         RP0     ;select bank 1
0003   3000           00019         movlw   b'00000000'             ;set PortB all outputs
Message[302]: Register in operand not in bank 0.  Ensure that bank bits are correct.
0004   0086           00020         movwf   TRISB
Message[302]: Register in operand not in bank 0.  Ensure that bank bits are correct.
0005   0085           00021         movwf   TRISA                   ;set PortA all outputs
0006   1283           00022         bcf     STATUS,         RP0     ;select bank 0
0007   0185           00023         clrf    PORTA
0008   0186           00024         clrf    PORTB                   ;set all outputs low
                      00025 
0009                  00026 Loop    
0009   1786           00027         bsf     PORTB,  7               ;turn on RB7 only!
000A   200E           00028         call    Delay                   ;this waits for a while!
000B   1386           00029         bcf     PORTB,  7               ;turn off RB7 only!.
000C   200E           00030         call    Delay
000D   2809           00031         goto    Loop                    ;go back and do it again
                      00032 
000E   3096           00033 Delay   movlw   d'150'                  ;delay 20 ms (4 MHz clock) estado alto e baixo
000F   00A0           00034         movwf   count1
0010   30C7           00035 d1      movlw   0xC7                    ;delay 1mS
0011   00A1           00036         movwf   counta
0012   3001           00037         movlw   0x01
0013   00A2           00038         movwf   countb
0014                  00039 Delay_0
MPASM  5.51                     TUTORIAL0.ASM   7-2-2021  23:06:08         PAGE  2


LOC  OBJECT CODE     LINE SOURCE TEXT
  VALUE

0014   0BA1           00040         decfsz  counta, f
0015   2816           00041         goto    $+1
0016   0BA2           00042         decfsz  countb, f
0017   2814           00043         goto    Delay_0
0018   0BA0           00044         decfsz  count1  ,f
0019   2810           00045         goto    d1
001A   3400           00046         retlw   0x00
                      00047 
                      00048         end
MPASM  5.51                     TUTORIAL0.ASM   7-2-2021  23:06:08         PAGE  3


SYMBOL TABLE
  LABEL                             VALUE 

ADDEN                             00000003
ADEN                              00000003
BRGH                              00000002
C                                 00000000
C1INV                             00000004
C1OUT                             00000006
C2INV                             00000005
C2OUT                             00000007
CCP1CON                           00000017
CCP1IE                            00000002
CCP1IF                            00000002
CCP1M0                            00000000
CCP1M1                            00000001
CCP1M2                            00000002
CCP1M3                            00000003
CCP1X                             00000005
CCP1Y                             00000004
CCPR1                             00000015
CCPR1H                            00000016
CCPR1L                            00000015
CIS                               00000003
CM0                               00000000
CM1                               00000001
CM2                               00000002
CMCON                             0000001F
CMIE                              00000006
CMIF                              00000006
CREN                              00000004
CSRC                              00000007
DATA_CP_OFF                       00003FFF
DATA_CP_ON                        00003EFF
DC                                00000001
Delay                             0000000E
Delay_0                           00000014
EEADR                             0000009B
EECON1                            0000009C
EECON2                            0000009D
EEDATA                            0000009A
EEIE                              00000007
EEIF                              00000007
F                                 00000001
FERR                              00000002
FSR                               00000004
GIE                               00000007
INDF                              00000000
INTCON                            0000000B
INTE                              00000004
INTEDG                            00000006
INTF                              00000001
IRP                               00000007
Loop                              00000009
NOT_BO                            00000000
NOT_BOD                           00000000
MPASM  5.51                     TUTORIAL0.ASM   7-2-2021  23:06:08         PAGE  4


SYMBOL TABLE
  LABEL                             VALUE 

NOT_BOR                           00000000
NOT_PD                            00000003
NOT_POR                           00000001
NOT_RBPU                          00000007
NOT_T1SYNC                        00000002
NOT_TO                            00000004
OERR                              00000001
OPTION_REG                        00000081
OSCF                              00000003
PCL                               00000002
PCLATH                            0000000A
PCON                              0000008E
PEIE                              00000006
PIE1                              0000008C
PIR1                              0000000C
PORTA                             00000005
PORTB                             00000006
PR2                               00000092
PS0                               00000000
PS1                               00000001
PS2                               00000002
PSA                               00000003
RA0                               00000000
RA1                               00000001
RA2                               00000002
RA3                               00000003
RA4                               00000004
RA5                               00000005
RA6                               00000006
RA7                               00000007
RB0                               00000000
RB1                               00000001
RB2                               00000002
RB3                               00000003
RB4                               00000004
RB5                               00000005
RB6                               00000006
RB7                               00000007
RBIE                              00000003
RBIF                              00000000
RCIE                              00000005
RCIF                              00000005
RCREG                             0000001A
RCSTA                             00000018
RD                                00000000
RP0                               00000005
RP1                               00000006
RX9                               00000006
RX9D                              00000000
SPBRG                             00000099
SPEN                              00000007
SREN                              00000005
STATUS                            00000003
MPASM  5.51                     TUTORIAL0.ASM   7-2-2021  23:06:08         PAGE  5


SYMBOL TABLE
  LABEL                             VALUE 

SYNC                              00000004
T0                                00000023
T0CS                              00000005
T0IE                              00000005
T0IF                              00000002
T0SE                              00000004
T1                                00000024
T1CKPS0                           00000004
T1CKPS1                           00000005
T1CON                             00000010
T1OSCEN                           00000003
T2CKPS0                           00000000
T2CKPS1                           00000001
T2CON                             00000012
TMR0                              00000001
TMR0IE                            00000005
TMR0IF                            00000002
TMR1                              0000000E
TMR1CS                            00000001
TMR1H                             0000000F
TMR1IE                            00000000
TMR1IF                            00000000
TMR1L                             0000000E
TMR1ON                            00000000
TMR2                              00000011
TMR2IE                            00000001
TMR2IF                            00000001
TMR2ON                            00000002
TOUTPS0                           00000003
TOUTPS1                           00000004
TOUTPS2                           00000005
TOUTPS3                           00000006
TRISA                             00000085
TRISA0                            00000000
TRISA1                            00000001
TRISA2                            00000002
TRISA3                            00000003
TRISA4                            00000004
TRISA5                            00000005
TRISA6                            00000006
TRISA7                            00000007
TRISB                             00000086
TRISB0                            00000000
TRISB1                            00000001
TRISB2                            00000002
TRISB3                            00000003
TRISB4                            00000004
TRISB5                            00000005
TRISB6                            00000006
TRISB7                            00000007
TRMT                              00000001
TX9                               00000006
TX9D                              00000000
MPASM  5.51                     TUTORIAL0.ASM   7-2-2021  23:06:08         PAGE  6


SYMBOL TABLE
  LABEL                             VALUE 

TXEN                              00000005
TXIE                              00000004
TXIF                              00000004
TXREG                             00000019
TXSTA                             00000098
VR0                               00000000
VR1                               00000001
VR2                               00000002
VR3                               00000003
VRCON                             0000009F
VREN                              00000007
VROE                              00000006
VRR                               00000005
W                                 00000000
WR                                00000001
WREN                              00000002
WRERR                             00000003
Z                                 00000002
_BODEN_OFF                        00003FBF
_BODEN_ON                         00003FFF
_BOREN_OFF                        00003FBF
_BOREN_ON                         00003FFF
_CONFIG                           00002007
_CPD_OFF                          00003FFF
_CPD_ON                           00003EFF
_CP_50                            00002BFF
_CP_75                            000017FF
_CP_ALL                           000003FF
_CP_OFF                           00003FFF
_DEVID1                           00002006
_ER_OSC_CLKOUT                    00003FFF
_ER_OSC_NOCLKOUT                  00003FFE
_EXTCLK_OSC                       00003FEF
_FOSC_ECIO                        00003FEF
_FOSC_ERCLK                       00003FFF
_FOSC_ERIO                        00003FFE
_FOSC_HS                          00003FEE
_FOSC_INTOSCCLK                   00003FFD
_FOSC_INTOSCIO                    00003FFC
_FOSC_LP                          00003FEC
_FOSC_XT                          00003FED
_HS_OSC                           00003FEE
_IDLOC0                           00002000
_IDLOC1                           00002001
_IDLOC2                           00002002
_IDLOC3                           00002003
_INTRC_OSC_CLKOUT                 00003FFD
_INTRC_OSC_NOCLKOUT               00003FFC
_LP_OSC                           00003FEC
_LVP_OFF                          00003F7F
_LVP_ON                           00003FFF
_MCLRE_OFF                        00003FDF
_MCLRE_ON                         00003FFF
MPASM  5.51                     TUTORIAL0.ASM   7-2-2021  23:06:08         PAGE  7


SYMBOL TABLE
  LABEL                             VALUE 

_PWRTE_OFF                        00003FFF
_PWRTE_ON                         00003FF7
_WDTE_OFF                         00003FFB
_WDTE_ON                          00003FFF
_WDT_OFF                          00003FFB
_WDT_ON                           00003FFF
_XT_OSC                           00003FED
__16F876A                         00000001
__DEBUG                           1
count1                            00000020
counta                            00000021
countb                            00000022
d1                                00000010


MEMORY USAGE MAP ('X' = Used,  '-' = Unused)

0000 : XXXXXXXXXXXXXXXX XXXXXXXXXXX----- ---------------- ----------------
2000 : -------X-------- ---------------- ---------------- ----------------

All other memory blocks unused.

Program Memory Words Used:    27
Program Memory Words Free:  8165


Errors   :     0
Warnings :     2 reported,     0 suppressed
Messages :     3 reported,     0 suppressed

