Error[113]   C:\USERS\EVAND\DESKTOP\FECHADURAELETRONICA\TRANCAELETRONICA.ASM 13 : Symbol not previously defined (CompararSenha_i_L0)
Error[113]   C:\USERS\EVAND\DESKTOP\FECHADURAELETRONICA\TRANCAELETRONICA.ASM 15 : Symbol not previously defined (CompararSenha_i_L0)
Error[113]   C:\USERS\EVAND\DESKTOP\FECHADURAELETRONICA\TRANCAELETRONICA.ASM 18 : Symbol not previously defined (CompararSenha_i_L0)
Error[113]   C:\USERS\EVAND\DESKTOP\FECHADURAELETRONICA\TRANCAELETRONICA.ASM 19 : Symbol not previously defined (RP1_bit)
Error[113]   C:\USERS\EVAND\DESKTOP\FECHADURAELETRONICA\TRANCAELETRONICA.ASM 22 : Symbol not previously defined (CompararSenha_i_L0)
Error[113]   C:\USERS\EVAND\DESKTOP\FECHADURAELETRONICA\TRANCAELETRONICA.ASM 23 : Symbol not previously defined (_senha)
Error[113]   C:\USERS\EVAND\DESKTOP\FECHADURAELETRONICA\TRANCAELETRONICA.ASM 24 : Symbol not previously defined (FSRPTR)
Error[113]   C:\USERS\EVAND\DESKTOP\FECHADURAELETRONICA\TRANCAELETRONICA.ASM 25 : Symbol not previously defined (INDF)
Error[113]   C:\USERS\EVAND\DESKTOP\FECHADURAELETRONICA\TRANCAELETRONICA.ASM 26 : Symbol not previously defined (FLOC__CompararSenha)
Error[113]   C:\USERS\EVAND\DESKTOP\FECHADURAELETRONICA\TRANCAELETRONICA.ASM 27 : Symbol not previously defined (CompararSenha_i_L0)
Error[113]   C:\USERS\EVAND\DESKTOP\FECHADURAELETRONICA\TRANCAELETRONICA.ASM 28 : Symbol not previously defined (FARG_EEPROM_Read_Address)
Error[113]   C:\USERS\EVAND\DESKTOP\FECHADURAELETRONICA\TRANCAELETRONICA.ASM 29 : Symbol not previously defined (_EEPROM_Read)
Error[113]   C:\USERS\EVAND\DESKTOP\FECHADURAELETRONICA\TRANCAELETRONICA.ASM 30 : Symbol not previously defined (FLOC__CompararSenha)
Error[113]   C:\USERS\EVAND\DESKTOP\FECHADURAELETRONICA\TRANCAELETRONICA.ASM 31 : Symbol not previously defined (R0)
Error[113]   C:\USERS\EVAND\DESKTOP\FECHADURAELETRONICA\TRANCAELETRONICA.ASM 32 : Symbol not previously defined (RP1_bit)
Error[113]   C:\USERS\EVAND\DESKTOP\FECHADURAELETRONICA\TRANCAELETRONICA.ASM 34 : Symbol not previously defined (R0)
Error[113]   C:\USERS\EVAND\DESKTOP\FECHADURAELETRONICA\TRANCAELETRONICA.ASM 38 : Symbol not previously defined (CompararSenha_i_L0)
Error[113]   C:\USERS\EVAND\DESKTOP\FECHADURAELETRONICA\TRANCAELETRONICA.ASM 44 : Symbol not previously defined (R0)
Error[113]   C:\USERS\EVAND\DESKTOP\FECHADURAELETRONICA\TRANCAELETRONICA.ASM 54 : Symbol not previously defined (GravarSenhaNaEeprom_i_L0)
Error[113]   C:\USERS\EVAND\DESKTOP\FECHADURAELETRONICA\TRANCAELETRONICA.ASM 57 : Symbol not previously defined (GravarSenhaNaEeprom_i_L0)
Error[113]   C:\USERS\EVAND\DESKTOP\FECHADURAELETRONICA\TRANCAELETRONICA.ASM 58 : Symbol not previously defined (RP1_bit)
Error[113]   C:\USERS\EVAND\DESKTOP\FECHADURAELETRONICA\TRANCAELETRONICA.ASM 61 : Symbol not previously defined (GravarSenhaNaEeprom_i_L0)
Error[113]   C:\USERS\EVAND\DESKTOP\FECHADURAELETRONICA\TRANCAELETRONICA.ASM 62 : Symbol not previously defined (FARG_EEPROM_Write_Address)
Error[113]   C:\USERS\EVAND\DESKTOP\FECHADURAELETRONICA\TRANCAELETRONICA.ASM 63 : Symbol not previously defined (GravarSenhaNaEeprom_i_L0)
Error[113]   C:\USERS\EVAND\DESKTOP\FECHADURAELETRONICA\TRANCAELETRONICA.ASM 64 : Symbol not previously defined (_senha)
Error[113]   C:\USERS\EVAND\DESKTOP\FECHADURAELETRONICA\TRANCAELETRONICA.ASM 65 : Symbol not previously defined (FSRPTR)
Error[113]   C:\USERS\EVAND\DESKTOP\FECHADURAELETRONICA\TRANCAELETRONICA.ASM 66 : Symbol not previously defined (INDF)
Error[113]   C:\USERS\EVAND\DESKTOP\FECHADURAELETRONICA\TRANCAELETRONICA.ASM 67 : Symbol not previously defined (FARG_EEPROM_Write_data_)
Error[113]   C:\USERS\EVAND\DESKTOP\FECHADURAELETRONICA\TRANCAELETRONICA.ASM 68 : Symbol not previously defined (_EEPROM_Write)
Error[113]   C:\USERS\EVAND\DESKTOP\FECHADURAELETRONICA\TRANCAELETRONICA.ASM 70 : Symbol not previously defined (GravarSenhaNaEeprom_i_L0)
Error[113]   C:\USERS\EVAND\DESKTOP\FECHADURAELETRONICA\TRANCAELETRONICA.ASM 83 : Symbol not previously defined (R1)
Error[113]   C:\USERS\EVAND\DESKTOP\FECHADURAELETRONICA\TRANCAELETRONICA.ASM 86 : Symbol not previously defined (R1)
Error[113]   C:\USERS\EVAND\DESKTOP\FECHADURAELETRONICA\TRANCAELETRONICA.ASM 87 : Symbol not previously defined (RP1_bit)
Error[113]   C:\USERS\EVAND\DESKTOP\FECHADURAELETRONICA\TRANCAELETRONICA.ASM 90 : Symbol not previously defined (R1)
Error[113]   C:\USERS\EVAND\DESKTOP\FECHADURAELETRONICA\TRANCAELETRONICA.ASM 91 : Symbol not previously defined (_senha)
Error[113]   C:\USERS\EVAND\DESKTOP\FECHADURAELETRONICA\TRANCAELETRONICA.ASM 92 : Symbol not previously defined (FSRPTR)
Error[113]   C:\USERS\EVAND\DESKTOP\FECHADURAELETRONICA\TRANCAELETRONICA.ASM 94 : Symbol not previously defined (INDF)
Error[113]   C:\USERS\EVAND\DESKTOP\FECHADURAELETRONICA\TRANCAELETRONICA.ASM 96 : Symbol not previously defined (R1)
Warning[202] C:\USERS\EVAND\DESKTOP\FECHADURAELETRONICA\TRANCAELETRONICA.ASM 109 : Argument out of range.  Least significant bits used.
Error[113]   C:\USERS\EVAND\DESKTOP\FECHADURAELETRONICA\TRANCAELETRONICA.ASM 110 : Symbol not previously defined (TRISB0_bit)
Error[113]   C:\USERS\EVAND\DESKTOP\FECHADURAELETRONICA\TRANCAELETRONICA.ASM 112 : Symbol not previously defined (RB0_bit)
Error[113]   C:\USERS\EVAND\DESKTOP\FECHADURAELETRONICA\TRANCAELETRONICA.ASM 114 : Symbol not previously defined (_Keypad_Init)
Error[113]   C:\USERS\EVAND\DESKTOP\FECHADURAELETRONICA\TRANCAELETRONICA.ASM 116 : Symbol not previously defined (_Lcd_Init)
Error[113]   C:\USERS\EVAND\DESKTOP\FECHADURAELETRONICA\TRANCAELETRONICA.ASM 119 : Symbol not previously defined (FARG_Lcd_Cmd_out_char)
Error[113]   C:\USERS\EVAND\DESKTOP\FECHADURAELETRONICA\TRANCAELETRONICA.ASM 120 : Symbol not previously defined (_Lcd_Cmd)
Error[113]   C:\USERS\EVAND\DESKTOP\FECHADURAELETRONICA\TRANCAELETRONICA.ASM 123 : Symbol not previously defined (FARG_Lcd_Cmd_out_char)
Error[113]   C:\USERS\EVAND\DESKTOP\FECHADURAELETRONICA\TRANCAELETRONICA.ASM 124 : Symbol not previously defined (_Lcd_Cmd)
Error[113]   C:\USERS\EVAND\DESKTOP\FECHADURAELETRONICA\TRANCAELETRONICA.ASM 126 : Symbol not previously defined (_textos)
Error[113]   C:\USERS\EVAND\DESKTOP\FECHADURAELETRONICA\TRANCAELETRONICA.ASM 127 : Symbol not previously defined (_Ptr2)
Error[113]   C:\USERS\EVAND\DESKTOP\FECHADURAELETRONICA\TRANCAELETRONICA.ASM 130 : Symbol not previously defined (FARG_Lcd_Out_row)
Error[113]   C:\USERS\EVAND\DESKTOP\FECHADURAELETRONICA\TRANCAELETRONICA.ASM 132 : Symbol not previously defined (FARG_Lcd_Out_column)
Error[113]   C:\USERS\EVAND\DESKTOP\FECHADURAELETRONICA\TRANCAELETRONICA.ASM 133 : Symbol not previously defined (_textos)
Error[113]   C:\USERS\EVAND\DESKTOP\FECHADURAELETRONICA\TRANCAELETRONICA.ASM 134 : Symbol not previously defined (FARG_Lcd_Out_text)
Error[113]   C:\USERS\EVAND\DESKTOP\FECHADURAELETRONICA\TRANCAELETRONICA.ASM 135 : Symbol not previously defined (_Lcd_Out)
Error[113]   C:\USERS\EVAND\DESKTOP\FECHADURAELETRONICA\TRANCAELETRONICA.ASM 140 : Symbol not previously defined (_tentativas)
Error[113]   C:\USERS\EVAND\DESKTOP\FECHADURAELETRONICA\TRANCAELETRONICA.ASM 141 : Symbol not previously defined (RP1_bit)
Error[113]   C:\USERS\EVAND\DESKTOP\FECHADURAELETRONICA\TRANCAELETRONICA.ASM 144 : Symbol not previously defined (_Keypad_Key_Click)
Error[113]   C:\USERS\EVAND\DESKTOP\FECHADURAELETRONICA\TRANCAELETRONICA.ASM 145 : Symbol not previously defined (R0)
Error[113]   C:\USERS\EVAND\DESKTOP\FECHADURAELETRONICA\TRANCAELETRONICA.ASM 146 : Symbol not previously defined (_kp)
Error[113]   C:\USERS\EVAND\DESKTOP\FECHADURAELETRONICA\TRANCAELETRONICA.ASM 148 : Symbol not previously defined (R0)
Error[113]   C:\USERS\EVAND\DESKTOP\FECHADURAELETRONICA\TRANCAELETRONICA.ASM 149 : Symbol not previously defined (RP1_bit)
Error[113]   C:\USERS\EVAND\DESKTOP\FECHADURAELETRONICA\TRANCAELETRONICA.ASM 153 : Symbol not previously defined (_kp)
Error[113]   C:\USERS\EVAND\DESKTOP\FECHADURAELETRONICA\TRANCAELETRONICA.ASM 154 : Symbol not previously defined (R1)
Error[113]   C:\USERS\EVAND\DESKTOP\FECHADURAELETRONICA\TRANCAELETRONICA.ASM 155 : Symbol not previously defined (R1)
Error[113]   C:\USERS\EVAND\DESKTOP\FECHADURAELETRONICA\TRANCAELETRONICA.ASM 157 : Symbol not previously defined (RP1_bit)
Error[113]   C:\USERS\EVAND\DESKTOP\FECHADURAELETRONICA\TRANCAELETRONICA.ASM 163 : Symbol not previously defined (_kp)
Error[113]   C:\USERS\EVAND\DESKTOP\FECHADURAELETRONICA\TRANCAELETRONICA.ASM 165 : Symbol not previously defined (RP1_bit)
Error[113]   C:\USERS\EVAND\DESKTOP\FECHADURAELETRONICA\TRANCAELETRONICA.ASM 170 : Symbol not previously defined (_cliques)
Error[113]   C:\USERS\EVAND\DESKTOP\FECHADURAELETRONICA\TRANCAELETRONICA.ASM 175 : Symbol not previously defined (_kp)
Error[113]   C:\USERS\EVAND\DESKTOP\FECHADURAELETRONICA\TRANCAELETRONICA.ASM 177 : Symbol not previously defined (RP1_bit)
Error[113]   C:\USERS\EVAND\DESKTOP\FECHADURAELETRONICA\TRANCAELETRONICA.ASM 180 : Symbol not previously defined (_cliques)
Error[113]   C:\USERS\EVAND\DESKTOP\FECHADURAELETRONICA\TRANCAELETRONICA.ASM 182 : Symbol not previously defined (RB0_bit)
Error[113]   C:\USERS\EVAND\DESKTOP\FECHADURAELETRONICA\TRANCAELETRONICA.ASM 185 : Symbol not previously defined (_CompararSenha)
Error[113]   C:\USERS\EVAND\DESKTOP\FECHADURAELETRONICA\TRANCAELETRONICA.ASM 186 : Symbol not previously defined (R0)
Error[113]   C:\USERS\EVAND\DESKTOP\FECHADURAELETRONICA\TRANCAELETRONICA.ASM 187 : Symbol not previously defined (RP1_bit)
Error[113]   C:\USERS\EVAND\DESKTOP\FECHADURAELETRONICA\TRANCAELETRONICA.ASM 191 : Symbol not previously defined (RB0_bit)
Error[113]   C:\USERS\EVAND\DESKTOP\FECHADURAELETRONICA\TRANCAELETRONICA.ASM 193 : Symbol not previously defined (_textos)
Error[113]   C:\USERS\EVAND\DESKTOP\FECHADURAELETRONICA\TRANCAELETRONICA.ASM 194 : Symbol not previously defined (_Ptr1)
Error[113]   C:\USERS\EVAND\DESKTOP\FECHADURAELETRONICA\TRANCAELETRONICA.ASM 201 : Symbol not previously defined (_tentativas)
Error[113]   C:\USERS\EVAND\DESKTOP\FECHADURAELETRONICA\TRANCAELETRONICA.ASM 203 : Symbol not previously defined (_textos)
Error[113]   C:\USERS\EVAND\DESKTOP\FECHADURAELETRONICA\TRANCAELETRONICA.ASM 204 : Symbol not previously defined (_Ptr1)
Error[113]   C:\USERS\EVAND\DESKTOP\FECHADURAELETRONICA\TRANCAELETRONICA.ASM 215 : Symbol not previously defined (_textos)
Error[113]   C:\USERS\EVAND\DESKTOP\FECHADURAELETRONICA\TRANCAELETRONICA.ASM 216 : Symbol not previously defined (_Ptr1)
Error[113]   C:\USERS\EVAND\DESKTOP\FECHADURAELETRONICA\TRANCAELETRONICA.ASM 223 : Symbol not previously defined (FARG_Lcd_Out_row)
Error[113]   C:\USERS\EVAND\DESKTOP\FECHADURAELETRONICA\TRANCAELETRONICA.ASM 225 : Symbol not previously defined (FARG_Lcd_Out_column)
Error[113]   C:\USERS\EVAND\DESKTOP\FECHADURAELETRONICA\TRANCAELETRONICA.ASM 226 : Symbol not previously defined (_Ptr1)
Error[113]   C:\USERS\EVAND\DESKTOP\FECHADURAELETRONICA\TRANCAELETRONICA.ASM 227 : Symbol not previously defined (FARG_Lcd_Out_text)
Error[113]   C:\USERS\EVAND\DESKTOP\FECHADURAELETRONICA\TRANCAELETRONICA.ASM 228 : Symbol not previously defined (_Lcd_Out)
Error[113]   C:\USERS\EVAND\DESKTOP\FECHADURAELETRONICA\TRANCAELETRONICA.ASM 231 : Symbol not previously defined (R11)
Error[113]   C:\USERS\EVAND\DESKTOP\FECHADURAELETRONICA\TRANCAELETRONICA.ASM 233 : Symbol not previously defined (R12)
Warning[202] C:\USERS\EVAND\DESKTOP\FECHADURAELETRONICA\TRANCAELETRONICA.ASM 234 : Argument out of range.  Least significant bits used.
Error[113]   C:\USERS\EVAND\DESKTOP\FECHADURAELETRONICA\TRANCAELETRONICA.ASM 235 : Symbol not previously defined (R13)
Error[113]   C:\USERS\EVAND\DESKTOP\FECHADURAELETRONICA\TRANCAELETRONICA.ASM 237 : Symbol not previously defined (R13)
Error[113]   C:\USERS\EVAND\DESKTOP\FECHADURAELETRONICA\TRANCAELETRONICA.ASM 239 : Symbol not previously defined (R12)
Error[113]   C:\USERS\EVAND\DESKTOP\FECHADURAELETRONICA\TRANCAELETRONICA.ASM 241 : Symbol not previously defined (R11)
Error[113]   C:\USERS\EVAND\DESKTOP\FECHADURAELETRONICA\TRANCAELETRONICA.ASM 252 : Symbol not previously defined (_kp)
Error[113]   C:\USERS\EVAND\DESKTOP\FECHADURAELETRONICA\TRANCAELETRONICA.ASM 257 : Symbol not previously defined (_kp)
Error[113]   C:\USERS\EVAND\DESKTOP\FECHADURAELETRONICA\TRANCAELETRONICA.ASM 262 : Symbol not previously defined (_kp)
Error[113]   C:\USERS\EVAND\DESKTOP\FECHADURAELETRONICA\TRANCAELETRONICA.ASM 267 : Symbol not previously defined (_kp)
Error[113]   C:\USERS\EVAND\DESKTOP\FECHADURAELETRONICA\TRANCAELETRONICA.ASM 272 : Symbol not previously defined (_kp)
Error[113]   C:\USERS\EVAND\DESKTOP\FECHADURAELETRONICA\TRANCAELETRONICA.ASM 277 : Symbol not previously defined (_kp)
Error[113]   C:\USERS\EVAND\DESKTOP\FECHADURAELETRONICA\TRANCAELETRONICA.ASM 282 : Symbol not previously defined (_kp)
Error[113]   C:\USERS\EVAND\DESKTOP\FECHADURAELETRONICA\TRANCAELETRONICA.ASM 287 : Symbol not previously defined (_kp)
Error[113]   C:\USERS\EVAND\DESKTOP\FECHADURAELETRONICA\TRANCAELETRONICA.ASM 292 : Symbol not previously defined (_kp)
Error[113]   C:\USERS\EVAND\DESKTOP\FECHADURAELETRONICA\TRANCAELETRONICA.ASM 297 : Symbol not previously defined (_kp)
Error[113]   C:\USERS\EVAND\DESKTOP\FECHADURAELETRONICA\TRANCAELETRONICA.ASM 301 : Symbol not previously defined (_kp)
Error[113]   C:\USERS\EVAND\DESKTOP\FECHADURAELETRONICA\TRANCAELETRONICA.ASM 303 : Symbol not previously defined (RP1_bit)
Error[113]   C:\USERS\EVAND\DESKTOP\FECHADURAELETRONICA\TRANCAELETRONICA.ASM 305 : Symbol not previously defined (_kp)
Error[113]   C:\USERS\EVAND\DESKTOP\FECHADURAELETRONICA\TRANCAELETRONICA.ASM 307 : Symbol not previously defined (RP1_bit)
Error[113]   C:\USERS\EVAND\DESKTOP\FECHADURAELETRONICA\TRANCAELETRONICA.ASM 309 : Symbol not previously defined (_kp)
Error[113]   C:\USERS\EVAND\DESKTOP\FECHADURAELETRONICA\TRANCAELETRONICA.ASM 311 : Symbol not previously defined (RP1_bit)
Error[113]   C:\USERS\EVAND\DESKTOP\FECHADURAELETRONICA\TRANCAELETRONICA.ASM 313 : Symbol not previously defined (_kp)
Error[113]   C:\USERS\EVAND\DESKTOP\FECHADURAELETRONICA\TRANCAELETRONICA.ASM 315 : Symbol not previously defined (RP1_bit)
Error[113]   C:\USERS\EVAND\DESKTOP\FECHADURAELETRONICA\TRANCAELETRONICA.ASM 317 : Symbol not previously defined (_kp)
Error[113]   C:\USERS\EVAND\DESKTOP\FECHADURAELETRONICA\TRANCAELETRONICA.ASM 319 : Symbol not previously defined (RP1_bit)
Error[113]   C:\USERS\EVAND\DESKTOP\FECHADURAELETRONICA\TRANCAELETRONICA.ASM 321 : Symbol not previously defined (_kp)
Error[113]   C:\USERS\EVAND\DESKTOP\FECHADURAELETRONICA\TRANCAELETRONICA.ASM 323 : Symbol not previously defined (RP1_bit)
Error[113]   C:\USERS\EVAND\DESKTOP\FECHADURAELETRONICA\TRANCAELETRONICA.ASM 325 : Symbol not previously defined (_kp)
Error[113]   C:\USERS\EVAND\DESKTOP\FECHADURAELETRONICA\TRANCAELETRONICA.ASM 327 : Symbol not previously defined (RP1_bit)
Error[113]   C:\USERS\EVAND\DESKTOP\FECHADURAELETRONICA\TRANCAELETRONICA.ASM 329 : Symbol not previously defined (_kp)
Error[113]   C:\USERS\EVAND\DESKTOP\FECHADURAELETRONICA\TRANCAELETRONICA.ASM 331 : Symbol not previously defined (RP1_bit)
Error[113]   C:\USERS\EVAND\DESKTOP\FECHADURAELETRONICA\TRANCAELETRONICA.ASM 333 : Symbol not previously defined (_kp)
Error[113]   C:\USERS\EVAND\DESKTOP\FECHADURAELETRONICA\TRANCAELETRONICA.ASM 335 : Symbol not previously defined (RP1_bit)
Error[113]   C:\USERS\EVAND\DESKTOP\FECHADURAELETRONICA\TRANCAELETRONICA.ASM 337 : Symbol not previously defined (_kp)
Error[113]   C:\USERS\EVAND\DESKTOP\FECHADURAELETRONICA\TRANCAELETRONICA.ASM 339 : Symbol not previously defined (RP1_bit)
Error[113]   C:\USERS\EVAND\DESKTOP\FECHADURAELETRONICA\TRANCAELETRONICA.ASM 344 : Symbol not previously defined (_cliques)
Error[113]   C:\USERS\EVAND\DESKTOP\FECHADURAELETRONICA\TRANCAELETRONICA.ASM 345 : Symbol not previously defined (RP1_bit)
Error[113]   C:\USERS\EVAND\DESKTOP\FECHADURAELETRONICA\TRANCAELETRONICA.ASM 348 : Symbol not previously defined (main_i_L0)
Error[113]   C:\USERS\EVAND\DESKTOP\FECHADURAELETRONICA\TRANCAELETRONICA.ASM 351 : Symbol not previously defined (main_i_L0)
Error[113]   C:\USERS\EVAND\DESKTOP\FECHADURAELETRONICA\TRANCAELETRONICA.ASM 352 : Symbol not previously defined (RP1_bit)
Error[113]   C:\USERS\EVAND\DESKTOP\FECHADURAELETRONICA\TRANCAELETRONICA.ASM 355 : Symbol not previously defined (main_i_L0)
Error[113]   C:\USERS\EVAND\DESKTOP\FECHADURAELETRONICA\TRANCAELETRONICA.ASM 356 : Symbol not previously defined (_senha)
Error[113]   C:\USERS\EVAND\DESKTOP\FECHADURAELETRONICA\TRANCAELETRONICA.ASM 357 : Symbol not previously defined (R2)
Error[113]   C:\USERS\EVAND\DESKTOP\FECHADURAELETRONICA\TRANCAELETRONICA.ASM 358 : Symbol not previously defined (main_i_L0)
Error[113]   C:\USERS\EVAND\DESKTOP\FECHADURAELETRONICA\TRANCAELETRONICA.ASM 360 : Symbol not previously defined (R0)
Error[113]   C:\USERS\EVAND\DESKTOP\FECHADURAELETRONICA\TRANCAELETRONICA.ASM 361 : Symbol not previously defined (R0)
Error[113]   C:\USERS\EVAND\DESKTOP\FECHADURAELETRONICA\TRANCAELETRONICA.ASM 362 : Symbol not previously defined (RP1_bit)
Error[113]   C:\USERS\EVAND\DESKTOP\FECHADURAELETRONICA\TRANCAELETRONICA.ASM 363 : Symbol not previously defined (R0)
Error[113]   C:\USERS\EVAND\DESKTOP\FECHADURAELETRONICA\TRANCAELETRONICA.ASM 364 : Symbol not previously defined (R0)
Error[113]   C:\USERS\EVAND\DESKTOP\FECHADURAELETRONICA\TRANCAELETRONICA.ASM 365 : Symbol not previously defined (_senha)
Error[113]   C:\USERS\EVAND\DESKTOP\FECHADURAELETRONICA\TRANCAELETRONICA.ASM 366 : Symbol not previously defined (FSRPTR)
Error[113]   C:\USERS\EVAND\DESKTOP\FECHADURAELETRONICA\TRANCAELETRONICA.ASM 367 : Symbol not previously defined (INDF)
Error[113]   C:\USERS\EVAND\DESKTOP\FECHADURAELETRONICA\TRANCAELETRONICA.ASM 368 : Symbol not previously defined (R0)
Error[113]   C:\USERS\EVAND\DESKTOP\FECHADURAELETRONICA\TRANCAELETRONICA.ASM 369 : Symbol not previously defined (R2)
Error[113]   C:\USERS\EVAND\DESKTOP\FECHADURAELETRONICA\TRANCAELETRONICA.ASM 370 : Symbol not previously defined (FSRPTR)
Error[113]   C:\USERS\EVAND\DESKTOP\FECHADURAELETRONICA\TRANCAELETRONICA.ASM 371 : Symbol not previously defined (R0)
Error[113]   C:\USERS\EVAND\DESKTOP\FECHADURAELETRONICA\TRANCAELETRONICA.ASM 372 : Symbol not previously defined (INDF)
Error[113]   C:\USERS\EVAND\DESKTOP\FECHADURAELETRONICA\TRANCAELETRONICA.ASM 374 : Symbol not previously defined (main_i_L0)
Error[113]   C:\USERS\EVAND\DESKTOP\FECHADURAELETRONICA\TRANCAELETRONICA.ASM 380 : Symbol not previously defined (_senha)
Error[113]   C:\USERS\EVAND\DESKTOP\FECHADURAELETRONICA\TRANCAELETRONICA.ASM 381 : Symbol not previously defined (FSRPTR)
Error[113]   C:\USERS\EVAND\DESKTOP\FECHADURAELETRONICA\TRANCAELETRONICA.ASM 382 : Symbol not previously defined (_kp)
Error[113]   C:\USERS\EVAND\DESKTOP\FECHADURAELETRONICA\TRANCAELETRONICA.ASM 383 : Symbol not previously defined (INDF)
Error[113]   C:\USERS\EVAND\DESKTOP\FECHADURAELETRONICA\TRANCAELETRONICA.ASM 394 : Symbol not previously defined (RB0_bit)
Error[113]   C:\USERS\EVAND\DESKTOP\FECHADURAELETRONICA\TRANCAELETRONICA.ASM 396 : Symbol not previously defined (_textos)
Error[113]   C:\USERS\EVAND\DESKTOP\FECHADURAELETRONICA\TRANCAELETRONICA.ASM 397 : Symbol not previously defined (_Ptr2)
Error[113]   C:\USERS\EVAND\DESKTOP\FECHADURAELETRONICA\TRANCAELETRONICA.ASM 401 : Symbol not previously defined (_textos)
Error[113]   C:\USERS\EVAND\DESKTOP\FECHADURAELETRONICA\TRANCAELETRONICA.ASM 402 : Symbol not previously defined (_Ptr2)
Error[113]   C:\USERS\EVAND\DESKTOP\FECHADURAELETRONICA\TRANCAELETRONICA.ASM 410 : Symbol not previously defined (_textos)
Error[113]   C:\USERS\EVAND\DESKTOP\FECHADURAELETRONICA\TRANCAELETRONICA.ASM 411 : Symbol not previously defined (_Ptr2)
Error[113]   C:\USERS\EVAND\DESKTOP\FECHADURAELETRONICA\TRANCAELETRONICA.ASM 413 : Symbol not previously defined (RB0_bit)
Error[113]   C:\USERS\EVAND\DESKTOP\FECHADURAELETRONICA\TRANCAELETRONICA.ASM 418 : Symbol not previously defined (FARG_Lcd_Out_row)
Error[113]   C:\USERS\EVAND\DESKTOP\FECHADURAELETRONICA\TRANCAELETRONICA.ASM 420 : Symbol not previously defined (FARG_Lcd_Out_column)
Error[113]   C:\USERS\EVAND\DESKTOP\FECHADURAELETRONICA\TRANCAELETRONICA.ASM 421 : Symbol not previously defined (_Ptr2)
Error[113]   C:\USERS\EVAND\DESKTOP\FECHADURAELETRONICA\TRANCAELETRONICA.ASM 422 : Symbol not previously defined (FARG_Lcd_Out_text)
Error[113]   C:\USERS\EVAND\DESKTOP\FECHADURAELETRONICA\TRANCAELETRONICA.ASM 423 : Symbol not previously defined (_Lcd_Out)
Error[113]   C:\USERS\EVAND\DESKTOP\FECHADURAELETRONICA\TRANCAELETRONICA.ASM 426 : Symbol not previously defined (FARG_Lcd_Out_row)
Error[113]   C:\USERS\EVAND\DESKTOP\FECHADURAELETRONICA\TRANCAELETRONICA.ASM 428 : Symbol not previously defined (FARG_Lcd_Out_column)
Error[113]   C:\USERS\EVAND\DESKTOP\FECHADURAELETRONICA\TRANCAELETRONICA.ASM 429 : Symbol not previously defined (_senha)
Error[113]   C:\USERS\EVAND\DESKTOP\FECHADURAELETRONICA\TRANCAELETRONICA.ASM 430 : Symbol not previously defined (FARG_Lcd_Out_text)
Error[113]   C:\USERS\EVAND\DESKTOP\FECHADURAELETRONICA\TRANCAELETRONICA.ASM 431 : Symbol not previously defined (_Lcd_Out)
Error[113]   C:\USERS\EVAND\DESKTOP\FECHADURAELETRONICA\TRANCAELETRONICA.ASM 434 : Symbol not previously defined (R11)
Error[113]   C:\USERS\EVAND\DESKTOP\FECHADURAELETRONICA\TRANCAELETRONICA.ASM 436 : Symbol not previously defined (R12)
Warning[202] C:\USERS\EVAND\DESKTOP\FECHADURAELETRONICA\TRANCAELETRONICA.ASM 437 : Argument out of range.  Least significant bits used.
Error[113]   C:\USERS\EVAND\DESKTOP\FECHADURAELETRONICA\TRANCAELETRONICA.ASM 438 : Symbol not previously defined (R13)
Error[113]   C:\USERS\EVAND\DESKTOP\FECHADURAELETRONICA\TRANCAELETRONICA.ASM 440 : Symbol not previously defined (R13)
Error[113]   C:\USERS\EVAND\DESKTOP\FECHADURAELETRONICA\TRANCAELETRONICA.ASM 442 : Symbol not previously defined (R12)
Error[113]   C:\USERS\EVAND\DESKTOP\FECHADURAELETRONICA\TRANCAELETRONICA.ASM 444 : Symbol not previously defined (R11)
Error[129]   C:\USERS\EVAND\DESKTOP\FECHADURAELETRONICA\TRANCAELETRONICA.ASM 453 : Expected (END)
